<?xml version="1.0" encoding="UTF-8"?>
<!-- Generated by org.testng.reporters.JUnitReportReporter -->
<testsuite hostname="DESKTOP-K7J2E45" failures="0" tests="1" name="com.saucedemo.testLayer.LoginTest" time="24.205" errors="0" timestamp="2023-10-04T13:55:12 IST" skipped="0">
  <testcase classname="com.saucedemo.testLayer.LoginTest" name="verifyLoginWithCred" time="24.205"/>
</testsuite> <!-- com.saucedemo.testLayer.LoginTest -->
