<?xml version="1.0" encoding="UTF-8"?>
<!-- Generated by org.testng.reporters.JUnitReportReporter -->
<testsuite hostname="DESKTOP-6CUE8A3" failures="0" tests="1" name="com.saucedemo.testLayer.HomeTest" time="51.710" errors="0" timestamp="2023-10-04T14:19:06 IST" skipped="0">
  <testcase classname="com.saucedemo.testLayer.HomeTest" name="validateAddToCartButton" time="51.710"/>
</testsuite> <!-- com.saucedemo.testLayer.HomeTest -->
